{
  "0 debug pnpm:scope": {
    "selected": 1,
    "workspacePrefix": "/Users/brendanallan/github.com/Brendonovich/macrograph"
  },
  "1 error pnpm": {
    "errno": 2,
    "code": "ELIFECYCLE",
    "pkgid": "macrograph@0.0.0",
    "stage": "build",
    "script": "tsc && vite build",
    "pkgname": "macrograph",
    "err": {
      "name": "pnpm",
      "message": "macrograph@0.0.0 build: `tsc && vite build`\nExit status 2",
      "code": "ELIFECYCLE",
      "stack": "pnpm: macrograph@0.0.0 build: `tsc && vite build`\nExit status 2\n    at EventEmitter.<anonymous> (/Users/brendanallan/.fnm/node-versions/v16.13.0/installation/pnpm-global/5/node_modules/.pnpm/pnpm@6.25.1/node_modules/pnpm/dist/pnpm.cjs:104843:20)\n    at EventEmitter.emit (node:events:390:28)\n    at ChildProcess.<anonymous> (/Users/brendanallan/.fnm/node-versions/v16.13.0/installation/pnpm-global/5/node_modules/.pnpm/pnpm@6.25.1/node_modules/pnpm/dist/pnpm.cjs:91921:18)\n    at ChildProcess.emit (node:events:390:28)\n    at maybeClose (node:internal/child_process:1064:16)\n    at Process.ChildProcess._handle.onexit (node:internal/child_process:301:5)"
    }
  },
  "2 warn pnpm:global": " Local package.json exists, but node_modules missing, did you mean to install?"
}